<?xml version="1.0" encoding="UTF-8"?>
<!-- Generated by org.testng.reporters.JUnitXMLReporter -->
<testsuite ignored="0" hostname="DESKTOP-LBMA54R" failures="0" tests="4" name="test" time="71.283" errors="0" timestamp="2021-11-10T15:53:26 EST">
  <testcase classname="dockerTest.ChromeTest1" name="test1" time="7.312"/>
  <testcase classname="dockerTest.FirefoxTest2" name="test2" time="9.989"/>
  <testcase classname="dockerTest.FirefoxTest3" name="test3" time="19.02"/>
  <testcase classname="dockerTest.FirefoxTest1" name="test1" time="29.203"/>
</testsuite> <!-- test -->
