<?xml version="1.0" encoding="UTF-8"?>
<testng-results ignored="0" total="4" passed="4" failed="0" skipped="0">
  <reporter-output>
  </reporter-output>
  <suite started-at="2021-11-10T15:52:14 EST" name="Suite" finished-at="2021-11-10T15:53:26 EST" duration-ms="71283">
    <groups>
    </groups>
    <test started-at="2021-11-10T15:52:14 EST" name="test" finished-at="2021-11-10T15:53:26 EST" duration-ms="71283">
      <class name="dockerTest.FirefoxTest1">
        <test-method signature="test1()[pri:0, instance:dockerTest.FirefoxTest1@7494f96a]" started-at="2021-11-10T15:52:49 EST" name="test1" finished-at="2021-11-10T15:53:19 EST" duration-ms="29203" status="PASS">
          <reporter-output>
          </reporter-output>
        </test-method> <!-- test1 -->
      </class> <!-- dockerTest.FirefoxTest1 -->
      <class name="dockerTest.FirefoxTest2">
        <test-method signature="test2()[pri:0, instance:dockerTest.FirefoxTest2@561b6512]" started-at="2021-11-10T15:52:49 EST" name="test2" finished-at="2021-11-10T15:52:59 EST" duration-ms="9989" status="PASS">
          <reporter-output>
          </reporter-output>
        </test-method> <!-- test2 -->
      </class> <!-- dockerTest.FirefoxTest2 -->
      <class name="dockerTest.FirefoxTest3">
        <test-method signature="test3()[pri:0, instance:dockerTest.FirefoxTest3@2e377400]" started-at="2021-11-10T15:52:49 EST" name="test3" finished-at="2021-11-10T15:53:09 EST" duration-ms="19020" status="PASS">
          <reporter-output>
          </reporter-output>
        </test-method> <!-- test3 -->
      </class> <!-- dockerTest.FirefoxTest3 -->
      <class name="dockerTest.Setup_DockerGrid">
        <test-method is-config="true" signature="startDockerGrid()[pri:0, instance:dockerTest.Setup_DockerGrid@26b3fd41]" started-at="2021-11-10T15:52:14 EST" name="startDockerGrid" finished-at="2021-11-10T15:52:49 EST" duration-ms="35032" status="PASS">
          <reporter-output>
          </reporter-output>
        </test-method> <!-- startDockerGrid -->
        <test-method is-config="true" signature="stopDockerGrid()[pri:0, instance:dockerTest.Setup_DockerGrid@26b3fd41]" started-at="2021-11-10T15:53:19 EST" name="stopDockerGrid" finished-at="2021-11-10T15:53:26 EST" duration-ms="7013" status="PASS">
          <reporter-output>
          </reporter-output>
        </test-method> <!-- stopDockerGrid -->
      </class> <!-- dockerTest.Setup_DockerGrid -->
      <class name="dockerTest.ChromeTest1">
        <test-method signature="test1()[pri:0, instance:dockerTest.ChromeTest1@1757cd72]" started-at="2021-11-10T15:52:49 EST" name="test1" finished-at="2021-11-10T15:52:57 EST" duration-ms="7312" status="PASS">
          <reporter-output>
          </reporter-output>
        </test-method> <!-- test1 -->
      </class> <!-- dockerTest.ChromeTest1 -->
    </test> <!-- test -->
  </suite> <!-- Suite -->
</testng-results>
