<?xml version="1.0" encoding="UTF-8"?>
<testsuite xmlns:xsi="http://www.w3.org/2001/XMLSchema-instance" xsi:noNamespaceSchemaLocation="https://maven.apache.org/surefire/maven-surefire-plugin/xsd/surefire-test-report-3.0.xsd" version="3.0" name="TestSuite" time="71.839" tests="4" errors="0" skipped="0" failures="0">
  <properties>
[...]
</properties>
  <testcase name="test1" classname="dockerTest.ChromeTest1" time="7.318">
    <system-out><![CDATA[driver.getTitle() = Netflix - Watch TV Shows Online, Watch Movies Online
]]></system-out>
    <system-err><![CDATA[Nov 10, 2021 3:52:50 PM org.openqa.selenium.remote.DesiredCapabilities chrome
INFO: Using `new ChromeOptions()` is preferred to `DesiredCapabilities.chrome()`
Nov 10, 2021 3:52:50 PM org.openqa.selenium.remote.DesiredCapabilities firefox
INFO: Using `new FirefoxOptions()` is preferred to `DesiredCapabilities.firefox()`
Nov 10, 2021 3:52:50 PM org.openqa.selenium.remote.DesiredCapabilities firefox
INFO: Using `new FirefoxOptions()` is preferred to `DesiredCapabilities.firefox()`
Nov 10, 2021 3:52:50 PM org.openqa.selenium.remote.DesiredCapabilities firefox
INFO: Using `new FirefoxOptions()` is preferred to `DesiredCapabilities.firefox()`
Nov 10, 2021 3:52:55 PM org.openqa.selenium.remote.ProtocolHandshake createSession
INFO: Detected dialect: W3C
]]></system-err>
  </testcase>
  <testcase name="test2" classname="dockerTest.FirefoxTest2" time="9.988">
    <system-out><![CDATA[driver.getTitle() = Outlook – free personal email and calendar from Microsoft
]]></system-out>
    <system-err><![CDATA[Nov 10, 2021 3:52:57 PM org.openqa.selenium.remote.ProtocolHandshake createSession
INFO: Detected dialect: W3C
]]></system-err>
  </testcase>
  <testcase name="test3" classname="dockerTest.FirefoxTest3" time="19.02">
    <system-out><![CDATA[driver.getTitle() = Amazon.com. Spend less. Smile more.
]]></system-out>
    <system-err><![CDATA[Nov 10, 2021 3:53:06 PM org.openqa.selenium.remote.ProtocolHandshake createSession
INFO: Detected dialect: W3C
]]></system-err>
  </testcase>
  <testcase name="test1" classname="dockerTest.FirefoxTest1" time="29.203">
    <system-out><![CDATA[driver.getTitle() = Verizon: Wireless, Internet, TV and Phone Services | Official Site
]]></system-out>
    <system-err><![CDATA[Nov 10, 2021 3:53:11 PM org.openqa.selenium.remote.ProtocolHandshake createSession
INFO: Detected dialect: W3C
]]></system-err>
  </testcase>
</testsuite>